<?xml version="1.0" encoding="UTF-8"?>
<!-- Generated by org.testng.reporters.JUnitReportReporter -->
<testsuite hostname="IQET-1330PV5-LX" failures="0" tests="1" name="scenarios.Guru99_ValidLogin" time="0.037" errors="1" timestamp="3 Aug 2023 08:22:28 GMT">
  <testcase classname="scenarios.Guru99_ValidLogin" name="testScenario" time="0.037">
    <error message="session not created: This version of ChromeDriver only supports Chrome version 113
Current browser version is 115.0.5790.110 with binary path C:\Program Files\Google\Chrome\Application\chrome.exe
Build info: version: &#039;3.13.0&#039;, revision: &#039;2f0d292&#039;, time: &#039;2018-06-25T15:24:21.231Z&#039;
System info: host: &#039;IQET-1330PV5-LX&#039;, ip: &#039;192.168.100.127&#039;, os.name: &#039;Windows 11&#039;, os.arch: &#039;amd64&#039;, os.version: &#039;10.0&#039;, java.version: &#039;17.0.5&#039;
Driver info: driver.version: ChromeDriver
remote stacktrace: Backtrace:
	GetHandleVerifier [0x011C8893+48451]
	(No symbol) [0x0115B8A1]
	(No symbol) [0x01065058]
	(No symbol) [0x01085D9C]
	(No symbol) [0x01081AA3]
	(No symbol) [0x01080019]
	(No symbol) [0x010B0798]
	(No symbol) [0x010B047C]
	(No symbol) [0x010AA0B6]
	(No symbol) [0x01087E08]
	(No symbol) [0x01088F2D]
	GetHandleVerifier [0x01428E3A+2540266]
	GetHandleVerifier [0x01468959+2801161]
	GetHandleVerifier [0x0146295C+2776588]
	GetHandleVerifier [0x01252280+612144]
	(No symbol) [0x01164F6C]
	(No symbol) [0x011611D8]
	(No symbol) [0x011612BB]
	(No symbol) [0x01154857]
	BaseThreadInitThunk [0x75E76BA9+25]
	RtlGetFullPathName_UEx [0x772A8F9F+1215]
	RtlGetFullPathName_UEx [0x772A8F6D+1165]
" type="org.openqa.selenium.SessionNotCreatedException">
      <![CDATA[org.openqa.selenium.SessionNotCreatedException: session not created: This version of ChromeDriver only supports Chrome version 113
Current browser version is 115.0.5790.110 with binary path C:\Program Files\Google\Chrome\Application\chrome.exe
Build info: version: '3.13.0', revision: '2f0d292', time: '2018-06-25T15:24:21.231Z'
System info: host: 'IQET-1330PV5-LX', ip: '192.168.100.127', os.name: 'Windows 11', os.arch: 'amd64', os.version: '10.0', java.version: '17.0.5'
Driver info: driver.version: ChromeDriver
remote stacktrace: Backtrace:
	GetHandleVerifier [0x011C8893+48451]
	(No symbol) [0x0115B8A1]
	(No symbol) [0x01065058]
	(No symbol) [0x01085D9C]
	(No symbol) [0x01081AA3]
	(No symbol) [0x01080019]
	(No symbol) [0x010B0798]
	(No symbol) [0x010B047C]
	(No symbol) [0x010AA0B6]
	(No symbol) [0x01087E08]
	(No symbol) [0x01088F2D]
	GetHandleVerifier [0x01428E3A+2540266]
	GetHandleVerifier [0x01468959+2801161]
	GetHandleVerifier [0x0146295C+2776588]
	GetHandleVerifier [0x01252280+612144]
	(No symbol) [0x01164F6C]
	(No symbol) [0x011611D8]
	(No symbol) [0x011612BB]
	(No symbol) [0x01154857]
	BaseThreadInitThunk [0x75E76BA9+25]
	RtlGetFullPathName_UEx [0x772A8F9F+1215]
	RtlGetFullPathName_UEx [0x772A8F6D+1165]

	at java.base/jdk.internal.reflect.NativeConstructorAccessorImpl.newInstance0(Native Method)
	at java.base/jdk.internal.reflect.NativeConstructorAccessorImpl.newInstance(NativeConstructorAccessorImpl.java:77)
	at java.base/jdk.internal.reflect.DelegatingConstructorAccessorImpl.newInstance(DelegatingConstructorAccessorImpl.java:45)
	at java.base/java.lang.reflect.Constructor.newInstanceWithCaller(Constructor.java:499)
	at java.base/java.lang.reflect.Constructor.newInstance(Constructor.java:480)
	at org.openqa.selenium.remote.W3CHandshakeResponse.lambda$new$0(W3CHandshakeResponse.java:57)
	at org.openqa.selenium.remote.W3CHandshakeResponse.lambda$getResponseFunction$2(W3CHandshakeResponse.java:104)
	at org.openqa.selenium.remote.ProtocolHandshake.lambda$createSession$0(ProtocolHandshake.java:123)
	at java.base/java.util.stream.ReferencePipeline$3$1.accept(ReferencePipeline.java:197)
	at java.base/java.util.Spliterators$ArraySpliterator.tryAdvance(Spliterators.java:1002)
	at java.base/java.util.stream.ReferencePipeline.forEachWithCancel(ReferencePipeline.java:129)
	at java.base/java.util.stream.AbstractPipeline.copyIntoWithCancel(AbstractPipeline.java:527)
	at java.base/java.util.stream.AbstractPipeline.copyInto(AbstractPipeline.java:513)
	at java.base/java.util.stream.AbstractPipeline.wrapAndCopyInto(AbstractPipeline.java:499)
	at java.base/java.util.stream.FindOps$FindOp.evaluateSequential(FindOps.java:150)
	at java.base/java.util.stream.AbstractPipeline.evaluate(AbstractPipeline.java:234)
	at java.base/java.util.stream.ReferencePipeline.findFirst(ReferencePipeline.java:647)
	at org.openqa.selenium.remote.ProtocolHandshake.createSession(ProtocolHandshake.java:126)
	at org.openqa.selenium.remote.ProtocolHandshake.createSession(ProtocolHandshake.java:73)
	at org.openqa.selenium.remote.HttpCommandExecutor.execute(HttpCommandExecutor.java:136)
	at org.openqa.selenium.remote.service.DriverCommandExecutor.execute(DriverCommandExecutor.java:83)
	at org.openqa.selenium.remote.RemoteWebDriver.execute(RemoteWebDriver.java:548)
	at org.openqa.selenium.remote.RemoteWebDriver.startSession(RemoteWebDriver.java:212)
	at org.openqa.selenium.remote.RemoteWebDriver.<init>(RemoteWebDriver.java:130)
	at org.openqa.selenium.chrome.ChromeDriver.<init>(ChromeDriver.java:181)
	at org.openqa.selenium.chrome.ChromeDriver.<init>(ChromeDriver.java:168)
	at org.openqa.selenium.chrome.ChromeDriver.<init>(ChromeDriver.java:157)
	at auto.framework.WebManager.newChromeDriver(WebManager.java:322)
	at auto.framework.WebManager.startDriver(WebManager.java:94)
	at auto.framework.TestBase.startTest(TestBase.java:74)
	at java.base/jdk.internal.reflect.NativeMethodAccessorImpl.invoke0(Native Method)
	at java.base/jdk.internal.reflect.NativeMethodAccessorImpl.invoke(NativeMethodAccessorImpl.java:77)
	at java.base/jdk.internal.reflect.DelegatingMethodAccessorImpl.invoke(DelegatingMethodAccessorImpl.java:43)
	at java.base/java.lang.reflect.Method.invoke(Method.java:568)
	at org.testng.internal.MethodInvocationHelper.invokeMethod(MethodInvocationHelper.java:86)
	at org.testng.internal.Invoker.invokeConfigurationMethod(Invoker.java:515)
	at org.testng.internal.Invoker.invokeConfigurations(Invoker.java:216)
	at org.testng.internal.Invoker.invokeConfigurations(Invoker.java:143)
	at org.testng.TestRunner.beforeRun(TestRunner.java:656)
	at org.testng.TestRunner.run(TestRunner.java:624)
	at org.testng.SuiteRunner.runTest(SuiteRunner.java:366)
	at org.testng.SuiteRunner.runSequentially(SuiteRunner.java:361)
	at org.testng.SuiteRunner.privateRun(SuiteRunner.java:319)
	at org.testng.SuiteRunner.run(SuiteRunner.java:268)
	at org.testng.SuiteRunnerWorker.runSuite(SuiteRunnerWorker.java:52)
	at org.testng.SuiteRunnerWorker.run(SuiteRunnerWorker.java:86)
	at org.testng.TestNG.runSuitesSequentially(TestNG.java:1225)
	at org.testng.TestNG.runSuitesLocally(TestNG.java:1150)
	at org.testng.TestNG.runSuites(TestNG.java:1075)
	at org.testng.TestNG.run(TestNG.java:1047)
	at org.testng.remote.AbstractRemoteTestNG.run(AbstractRemoteTestNG.java:126)
	at org.testng.remote.RemoteTestNG.initAndRun(RemoteTestNG.java:137)
	at org.testng.remote.RemoteTestNG.main(RemoteTestNG.java:58)
]]>
    </error>
  </testcase> <!-- testScenario -->
</testsuite> <!-- scenarios.Guru99_ValidLogin -->
